<?xml version="1.0" encoding="UTF-8"?>
<testsuite xmlns:xsi="http://www.w3.org/2001/XMLSchema-instance" xsi:noNamespaceSchemaLocation="https://maven.apache.org/surefire/maven-surefire-plugin/xsd/surefire-test-report.xsd" version="3.0.2" name="karate.SetupDryRunTest" time="0.528" tests="4" errors="0" skipped="0" failures="0">
  <properties>
[...]
</properties>
  <testcase name="[3.1:22] Static examples static_1" classname="karate/setup-with-dryrun" time="0.006">
    <system-out><![CDATA[16:05:51.820 [main] DEBUG com.intuit.karate.Suite - [config] classpath:karate-config.js
]]></system-out>
  </testcase>
  <testcase name="[3.2:23] Static examples static_2" classname="karate/setup-with-dryrun" time="0.148">
    <system-out><![CDATA[---------------------------------------------------------
feature: classpath:karate/setup-with-dryrun.feature
scenarios:  2 | passed:  2 | failed:  0 | time: 0.0000
---------------------------------------------------------

Karate version: 1.5.2
======================================================
elapsed:   0.17 | threads:    1 | thread time: 0.00 
features:     1 | skipped:    0 | efficiency: 0.00
scenarios:    2 | passed:     2 | failed: 0
======================================================

HTML report: (paste into browser to view) | Karate version: 1.5.2
file:///C:/Users/lli37/karate/karate-junit5/target/karate-reports/karate-summary.html
===================================================================

]]></system-out>
  </testcase>
  <testcase name="[2.1:15] Dynamic examples from setup dynamic_1" classname="karate/setup-with-dryrun" time="0.006">
    <system-out><![CDATA[16:05:52.035 [main] DEBUG com.intuit.karate.Suite - [config] classpath:karate-config.js
16:05:52.047 [main] INFO  com.intuit.karate - [print] setup 
]]></system-out>
  </testcase>
  <testcase name="[2.2:15] Dynamic examples from setup dynamic_2" classname="karate/setup-with-dryrun" time="0.214">
    <system-out><![CDATA[---------------------------------------------------------
feature: classpath:karate/setup-with-dryrun.feature
scenarios:  2 | passed:  2 | failed:  0 | time: 0.0000
---------------------------------------------------------

Karate version: 1.5.2
======================================================
elapsed:   0.19 | threads:    1 | thread time: 0.00 
features:     1 | skipped:    0 | efficiency: 0.00
scenarios:    2 | passed:     2 | failed: 0
======================================================

HTML report: (paste into browser to view) | Karate version: 1.5.2
file:///C:/Users/lli37/karate/karate-junit5/target/karate-reports/karate-summary.html
===================================================================

]]></system-out>
  </testcase>
</testsuite>